<?xml version="1.0" encoding="UTF-8"?>
<testsuite name="ch.pianonic.hopper.JsonTest" tests="9" skipped="0" failures="0" errors="0" timestamp="2026-08-06T14:39:58.384Z" hostname="VIV-INT-CLT-150" time="0.012">
  <properties/>
  <testcase name="parsesAnOrdinaryManifest()" classname="ch.pianonic.hopper.JsonTest" time="0.001"/>
  <testcase name="refusesOneLevelPastTheLimit()" classname="ch.pianonic.hopper.JsonTest" time="0.001"/>
  <testcase name="aLongFlatManifestIsNotDeep()" classname="ch.pianonic.hopper.JsonTest" time="0.003"/>
  <testcase name="refusesADeeplyNestedArrayInsteadOfOverflowingTheStack()" classname="ch.pianonic.hopper.JsonTest" time="0.001"/>
  <testcase name="stillRefusesOrdinaryMalformedInput()" classname="ch.pianonic.hopper.JsonTest" time="0.001"/>
  <testcase name="ordinaryNestingIsUntouched()" classname="ch.pianonic.hopper.JsonTest" time="0.0"/>
  <testcase name="parsesRightUpToTheLimit()" classname="ch.pianonic.hopper.JsonTest" time="0.0"/>
  <testcase name="refusesADeeplyNestedObjectToo()" classname="ch.pianonic.hopper.JsonTest" time="0.001"/>
  <testcase name="siblingsAreJudgedOnTheirOwnDepth()" classname="ch.pianonic.hopper.JsonTest" time="0.001"/>
  <system-out><![CDATA[]]></system-out>
  <system-err><![CDATA[]]></system-err>
</testsuite>
