<?xml version="1.0" encoding="UTF-8"?>
<testsuite name="ch.pianonic.hopper.HttpTest" tests="6" skipped="0" failures="0" errors="0" timestamp="2026-08-06T14:39:58.379Z" hostname="VIV-INT-CLT-150" time="0.004">
  <properties/>
  <testcase name="theHopperServerIsItsOwnOrigin()" classname="ch.pianonic.hopper.HttpTest" time="0.001"/>
  <testcase name="aHostlessUriIsNeverTheOrigin()" classname="ch.pianonic.hopper.HttpTest" time="0.0"/>
  <testcase name="theDefaultPortIsTheSameAsTheExplicitOne()" classname="ch.pianonic.hopper.HttpTest" time="0.0"/>
  <testcase name="hostAndSchemeCompareCaseInsensitively()" classname="ch.pianonic.hopper.HttpTest" time="0.0"/>
  <testcase name="schemeAndPortArePartOfTheOrigin()" classname="ch.pianonic.hopper.HttpTest" time="0.0"/>
  <testcase name="aHostTheManifestNamesIsNotTheOrigin()" classname="ch.pianonic.hopper.HttpTest" time="0.0"/>
  <system-out><![CDATA[]]></system-out>
  <system-err><![CDATA[]]></system-err>
</testsuite>
